<?xml version="1.0" encoding="UTF-8"?>
<!-- Generated by org.testng.reporters.JUnitXMLReporter -->
<testsuite ignored="0" hostname="Damindu" failures="0" tests="6" name="Default test" time="13.549" errors="0" timestamp="2022-12-15T01:13:22 IST">
  <testcase classname="test_scenarios.TestMethods" name="VerifyLogin" time="5.244"/>
  <testcase classname="test_scenarios.TestMethods" name="VerifyProductPrice" time="5.195"/>
  <testcase classname="test_scenarios.TestMethods" name="VerifyAbiltyOfProductAdd" time="0.181"/>
  <testcase classname="test_scenarios.TestMethods" name="VerifySelectedItemsInCart" time="0.085"/>
  <testcase classname="test_scenarios.TestMethods" name="verifyRandomNamesandZipCode" time="0.239"/>
  <testcase classname="test_scenarios.TestMethods" name="verifyOrderCompletion" time="0.043"/>
</testsuite> <!-- Default test -->
